TN:
SF:C:\Users\Temmy\Desktop\Andela_Project\PropertyPro-Lite\src/app.js
FN:15,(anonymous_1)
FNF:1
FNH:0
FNDA:0,(anonymous_1)
DA:1,1
DA:2,1
DA:3,1
DA:4,1
DA:5,1
DA:6,1
DA:8,1
DA:10,1
DA:11,1
DA:12,1
DA:13,1
DA:15,1
DA:16,0
DA:19,1
LF:14
LH:13
BRF:0
BRH:0
end_of_record
TN:
SF:C:\Users\Temmy\Desktop\Andela_Project\PropertyPro-Lite\src\config/cloudinary.js
FNF:0
FNH:0
DA:1,1
DA:3,1
LF:2
LH:2
BRF:0
BRH:0
end_of_record
TN:
SF:C:\Users\Temmy\Desktop\Andela_Project\PropertyPro-Lite\src\config/db.js
FN:10,(anonymous_0)
FNF:1
FNH:1
FNDA:19,(anonymous_0)
DA:1,1
DA:3,1
DA:5,1
DA:9,1
DA:10,19
LF:5
LH:5
BRDA:3,0,0,1
BRDA:3,0,1,0
BRF:2
BRH:1
end_of_record
TN:
SF:C:\Users\Temmy\Desktop\Andela_Project\PropertyPro-Lite\src\controllers/auth.js
FN:9,(anonymous_1)
FN:16,(anonymous_2)
FN:47,(anonymous_3)
FNF:3
FNH:3
FNDA:5,(anonymous_1)
FNDA:4,(anonymous_2)
FNDA:3,(anonymous_3)
DA:1,1
DA:2,1
DA:3,1
DA:4,1
DA:5,1
DA:7,1
DA:9,1
DA:10,5
DA:11,5
DA:12,5
DA:13,5
DA:16,1
DA:17,4
DA:19,4
DA:20,1
DA:21,1
DA:25,4
DA:26,4
DA:29,4
DA:30,4
DA:32,4
DA:41,4
DA:43,0
DA:47,1
DA:48,3
DA:49,3
DA:50,3
DA:52,2
DA:53,2
DA:55,1
DA:57,0
LF:31
LH:29
BRDA:19,0,0,1
BRDA:19,0,1,3
BRDA:50,1,0,1
BRDA:50,1,1,2
BRDA:53,2,0,1
BRDA:53,2,1,1
BRF:6
BRH:6
end_of_record
TN:
SF:C:\Users\Temmy\Desktop\Andela_Project\PropertyPro-Lite\src\controllers/property.js
FN:4,(anonymous_1)
FN:33,(anonymous_2)
FN:39,(anonymous_3)
FN:47,(anonymous_4)
FN:60,(anonymous_5)
FN:72,(anonymous_6)
FN:84,(anonymous_7)
FNF:7
FNH:7
FNDA:2,(anonymous_1)
FNDA:2,(anonymous_2)
FNDA:2,(anonymous_3)
FNDA:2,(anonymous_4)
FNDA:2,(anonymous_5)
FNDA:2,(anonymous_6)
FNDA:2,(anonymous_7)
DA:1,1
DA:2,1
DA:4,1
DA:5,2
DA:7,2
DA:8,1
DA:9,1
DA:13,2
DA:14,2
DA:19,2
DA:28,2
DA:30,0
DA:33,1
DA:34,2
DA:36,2
DA:38,2
DA:39,2
DA:40,2
DA:41,1
DA:43,0
DA:44,0
DA:47,1
DA:48,2
DA:50,2
DA:52,2
DA:54,2
DA:55,1
DA:57,0
DA:60,1
DA:61,2
DA:63,2
DA:64,2
DA:66,2
DA:67,1
DA:69,0
DA:72,1
DA:73,2
DA:75,2
DA:76,2
DA:78,2
DA:79,1
DA:81,0
DA:84,1
DA:85,2
DA:88,2
DA:89,2
DA:92,2
DA:102,2
DA:104,1
DA:106,0
LF:50
LH:43
BRDA:7,0,0,1
BRDA:7,0,1,1
BRDA:39,1,0,1
BRDA:39,1,1,1
BRDA:40,2,0,1
BRDA:40,2,1,1
BRDA:54,3,0,1
BRDA:54,3,1,1
BRDA:66,4,0,1
BRDA:66,4,1,1
BRDA:78,5,0,1
BRDA:78,5,1,1
BRDA:102,6,0,1
BRDA:102,6,1,1
BRF:14
BRH:14
end_of_record
TN:
SF:C:\Users\Temmy\Desktop\Andela_Project\PropertyPro-Lite\src\middlewares/authenticator.js
FN:5,(anonymous_1)
FNF:1
FNH:1
FNDA:16,(anonymous_1)
DA:1,1
DA:3,1
DA:5,1
DA:6,16
DA:7,16
DA:8,16
DA:10,14
DA:11,12
DA:13,2
LF:9
LH:9
BRDA:8,0,0,2
BRDA:8,0,1,14
BRF:2
BRH:2
end_of_record
TN:
SF:C:\Users\Temmy\Desktop\Andela_Project\PropertyPro-Lite\src\middlewares/multer.js
FN:5,(anonymous_1)
FNF:1
FNH:1
FNDA:2,(anonymous_1)
DA:1,1
DA:3,1
DA:6,2
DA:7,0
DA:8,0
DA:10,2
LF:6
LH:4
BRDA:6,0,0,0
BRDA:6,0,1,2
BRF:2
BRH:1
end_of_record
TN:
SF:C:\Users\Temmy\Desktop\Andela_Project\PropertyPro-Lite\src\routes/index.js
FNF:0
FNH:0
DA:1,1
DA:2,1
DA:3,1
DA:4,1
DA:9,1
DA:11,1
DA:12,1
DA:23,1
LF:8
LH:8
BRF:0
BRH:0
end_of_record
TN:
SF:C:\Users\Temmy\Desktop\Andela_Project\PropertyPro-Lite\src\routes\auth/index.js
FNF:0
FNH:0
DA:1,1
DA:2,1
DA:3,1
DA:5,1
DA:7,1
DA:8,1
DA:10,1
LF:7
LH:7
BRF:0
BRH:0
end_of_record
TN:
SF:C:\Users\Temmy\Desktop\Andela_Project\PropertyPro-Lite\src\routes\property/index.js
FNF:0
FNH:0
DA:1,1
DA:2,1
DA:3,1
DA:4,1
DA:6,1
DA:8,1
DA:9,1
DA:10,1
DA:11,1
DA:12,1
DA:13,1
DA:15,1
LF:12
LH:12
BRF:0
BRH:0
end_of_record
