TN:
SF:C:\Users\Temmy\Desktop\Andela_Project\PropertyPro-Lite\src/app.js
FN:12,(anonymous_1)
FNF:1
FNH:0
FNDA:0,(anonymous_1)
DA:1,1
DA:2,1
DA:3,1
DA:4,1
DA:6,1
DA:8,1
DA:9,1
DA:10,1
DA:12,1
DA:13,0
DA:16,1
LF:11
LH:10
BRF:0
BRH:0
end_of_record
TN:
SF:C:\Users\Temmy\Desktop\Andela_Project\PropertyPro-Lite\src\config/cloudinary.js
FNF:0
FNH:0
DA:1,1
DA:3,1
LF:2
LH:2
BRF:0
BRH:0
end_of_record
TN:
SF:C:\Users\Temmy\Desktop\Andela_Project\PropertyPro-Lite\src\config/db.js
FN:10,(anonymous_0)
FNF:1
FNH:1
FNDA:2,(anonymous_0)
DA:1,1
DA:3,1
DA:5,1
DA:9,1
DA:10,2
LF:5
LH:5
BRDA:3,0,0,1
BRDA:3,0,1,0
BRF:2
BRH:1
end_of_record
TN:
SF:C:\Users\Temmy\Desktop\Andela_Project\PropertyPro-Lite\src\controllers/auth.js
FN:9,(anonymous_1)
FNF:1
FNH:1
FNDA:2,(anonymous_1)
DA:1,1
DA:2,1
DA:3,1
DA:4,1
DA:5,1
DA:7,1
DA:9,1
DA:10,2
DA:12,2
DA:13,1
DA:14,1
DA:18,2
DA:19,2
DA:22,2
DA:23,2
DA:25,2
DA:34,2
DA:35,2
DA:36,2
DA:37,2
DA:39,0
LF:21
LH:20
BRDA:12,0,0,1
BRDA:12,0,1,1
BRF:2
BRH:2
end_of_record
TN:
SF:C:\Users\Temmy\Desktop\Andela_Project\PropertyPro-Lite\src\middlewares/multer.js
FN:5,(anonymous_1)
FNF:1
FNH:1
FNDA:1,(anonymous_1)
DA:1,1
DA:3,1
DA:6,1
DA:7,0
DA:8,0
DA:10,1
LF:6
LH:4
BRDA:6,0,0,0
BRDA:6,0,1,1
BRF:2
BRH:1
end_of_record
TN:
SF:C:\Users\Temmy\Desktop\Andela_Project\PropertyPro-Lite\src\routes/index.js
FNF:0
FNH:0
DA:1,1
DA:2,1
DA:7,1
DA:9,1
DA:20,1
LF:5
LH:5
BRF:0
BRH:0
end_of_record
TN:
SF:C:\Users\Temmy\Desktop\Andela_Project\PropertyPro-Lite\src\routes\auth/index.js
FN:8,(anonymous_1)
FNF:1
FNH:0
FNDA:0,(anonymous_1)
DA:1,1
DA:2,1
DA:3,1
DA:5,1
DA:7,1
DA:8,1
DA:9,0
DA:12,1
LF:8
LH:7
BRF:0
BRH:0
end_of_record
